<?xml version="1.0" encoding="UTF-8"?>
<testng-results ignored="0" total="2" passed="2" failed="0" skipped="0">
  <reporter-output>
  </reporter-output>
  <suite started-at="2025-12-01T01:31:03 IST" name="MasterSuite" finished-at="2025-12-01T01:31:27 IST" duration-ms="23798">
    <groups>
      <group name="Master">
        <method signature="TC001_AccountRegistrationTest.verifyAccReg()[pri:0, instance:testCase.TC001_AccountRegistrationTest@5e3d57c7]" name="verifyAccReg" class="testCase.TC001_AccountRegistrationTest"/>
        <method signature="TC002_LoginTest.verifyLogin()[pri:0, instance:testCase.TC002_LoginTest@418c5a9c]" name="verifyLogin" class="testCase.TC002_LoginTest"/>
      </group> <!-- Master -->
      <group name="Sanity">
        <method signature="TC002_LoginTest.verifyLogin()[pri:0, instance:testCase.TC002_LoginTest@418c5a9c]" name="verifyLogin" class="testCase.TC002_LoginTest"/>
      </group> <!-- Sanity -->
      <group name="Regression">
        <method signature="TC001_AccountRegistrationTest.verifyAccReg()[pri:0, instance:testCase.TC001_AccountRegistrationTest@5e3d57c7]" name="verifyAccReg" class="testCase.TC001_AccountRegistrationTest"/>
      </group> <!-- Regression -->
    </groups>
    <test started-at="2025-12-01T01:31:03 IST" name="Test" finished-at="2025-12-01T01:31:27 IST" duration-ms="23798">
      <class name="testCase.TC002_LoginTest">
        <test-method is-config="true" signature="setUp(java.lang.String,java.lang.String)[pri:0, instance:testCase.TC002_LoginTest@418c5a9c]" started-at="2025-12-01T01:31:18 IST" name="setUp" finished-at="2025-12-01T01:31:23 IST" duration-ms="4775" status="PASS">
          <params>
            <param index="0">
              <value>
                <![CDATA[Window]]>
              </value>
            </param>
            <param index="1">
              <value>
                <![CDATA[Chrome]]>
              </value>
            </param>
          </params>
          <reporter-output>
          </reporter-output>
        </test-method> <!-- setUp -->
        <test-method signature="verifyLogin()[pri:0, instance:testCase.TC002_LoginTest@418c5a9c]" started-at="2025-12-01T01:31:23 IST" name="verifyLogin" finished-at="2025-12-01T01:31:27 IST" duration-ms="3684" status="PASS">
          <reporter-output>
          </reporter-output>
        </test-method> <!-- verifyLogin -->
        <test-method is-config="true" signature="tearDown()[pri:0, instance:testCase.TC002_LoginTest@418c5a9c]" started-at="2025-12-01T01:31:27 IST" name="tearDown" finished-at="2025-12-01T01:31:27 IST" duration-ms="405" status="PASS">
          <reporter-output>
          </reporter-output>
        </test-method> <!-- tearDown -->
      </class> <!-- testCase.TC002_LoginTest -->
      <class name="testCase.TC001_AccountRegistrationTest">
        <test-method is-config="true" signature="setUp(java.lang.String,java.lang.String)[pri:0, instance:testCase.TC001_AccountRegistrationTest@5e3d57c7]" started-at="2025-12-01T01:31:04 IST" name="setUp" finished-at="2025-12-01T01:31:11 IST" duration-ms="7224" status="PASS">
          <params>
            <param index="0">
              <value>
                <![CDATA[Window]]>
              </value>
            </param>
            <param index="1">
              <value>
                <![CDATA[Chrome]]>
              </value>
            </param>
          </params>
          <reporter-output>
          </reporter-output>
        </test-method> <!-- setUp -->
        <test-method signature="verifyAccReg()[pri:0, instance:testCase.TC001_AccountRegistrationTest@5e3d57c7]" started-at="2025-12-01T01:31:11 IST" name="verifyAccReg" finished-at="2025-12-01T01:31:18 IST" duration-ms="6165" status="PASS">
          <reporter-output>
          </reporter-output>
        </test-method> <!-- verifyAccReg -->
        <test-method is-config="true" signature="tearDown()[pri:0, instance:testCase.TC001_AccountRegistrationTest@5e3d57c7]" started-at="2025-12-01T01:31:18 IST" name="tearDown" finished-at="2025-12-01T01:31:18 IST" duration-ms="499" status="PASS">
          <reporter-output>
          </reporter-output>
        </test-method> <!-- tearDown -->
      </class> <!-- testCase.TC001_AccountRegistrationTest -->
    </test> <!-- Test -->
  </suite> <!-- MasterSuite -->
</testng-results>
