<?xml version="1.0" encoding="UTF-8"?>
<testng-results ignored="0" total="2" passed="2" failed="0" skipped="0">
  <reporter-output>
  </reporter-output>
  <suite started-at="2025-11-28T23:18:43 IST" name="MasterSuite" finished-at="2025-11-28T23:19:20 IST" duration-ms="36758">
    <groups>
      <group name="Master">
        <method signature="TC001_AccountRegistrationTest.verifyAccReg()[pri:0, instance:testCase.TC001_AccountRegistrationTest@5e3d57c7]" name="verifyAccReg" class="testCase.TC001_AccountRegistrationTest"/>
        <method signature="TC002_LoginTest.verifyLogin()[pri:0, instance:testCase.TC002_LoginTest@418c5a9c]" name="verifyLogin" class="testCase.TC002_LoginTest"/>
      </group> <!-- Master -->
      <group name="Sanity">
        <method signature="TC002_LoginTest.verifyLogin()[pri:0, instance:testCase.TC002_LoginTest@418c5a9c]" name="verifyLogin" class="testCase.TC002_LoginTest"/>
      </group> <!-- Sanity -->
      <group name="Regression">
        <method signature="TC001_AccountRegistrationTest.verifyAccReg()[pri:0, instance:testCase.TC001_AccountRegistrationTest@5e3d57c7]" name="verifyAccReg" class="testCase.TC001_AccountRegistrationTest"/>
      </group> <!-- Regression -->
    </groups>
    <test started-at="2025-11-28T23:18:43 IST" name="Test" finished-at="2025-11-28T23:19:20 IST" duration-ms="36758">
      <class name="testCase.TC002_LoginTest">
        <test-method is-config="true" signature="setUp(java.lang.String,java.lang.String)[pri:0, instance:testCase.TC002_LoginTest@418c5a9c]" started-at="2025-11-28T23:19:09 IST" name="setUp" finished-at="2025-11-28T23:19:15 IST" duration-ms="6338" status="PASS">
          <params>
            <param index="0">
              <value>
                <![CDATA[Window]]>
              </value>
            </param>
            <param index="1">
              <value>
                <![CDATA[Chrome]]>
              </value>
            </param>
          </params>
          <reporter-output>
          </reporter-output>
        </test-method> <!-- setUp -->
        <test-method signature="verifyLogin()[pri:0, instance:testCase.TC002_LoginTest@418c5a9c]" started-at="2025-11-28T23:19:15 IST" name="verifyLogin" finished-at="2025-11-28T23:19:19 IST" duration-ms="3908" status="PASS">
          <reporter-output>
          </reporter-output>
        </test-method> <!-- verifyLogin -->
        <test-method is-config="true" signature="tearDown()[pri:0, instance:testCase.TC002_LoginTest@418c5a9c]" started-at="2025-11-28T23:19:19 IST" name="tearDown" finished-at="2025-11-28T23:19:20 IST" duration-ms="307" status="PASS">
          <reporter-output>
          </reporter-output>
        </test-method> <!-- tearDown -->
      </class> <!-- testCase.TC002_LoginTest -->
      <class name="testCase.TC001_AccountRegistrationTest">
        <test-method is-config="true" signature="setUp(java.lang.String,java.lang.String)[pri:0, instance:testCase.TC001_AccountRegistrationTest@5e3d57c7]" started-at="2025-11-28T23:18:43 IST" name="setUp" finished-at="2025-11-28T23:19:02 IST" duration-ms="18431" status="PASS">
          <params>
            <param index="0">
              <value>
                <![CDATA[Window]]>
              </value>
            </param>
            <param index="1">
              <value>
                <![CDATA[Chrome]]>
              </value>
            </param>
          </params>
          <reporter-output>
          </reporter-output>
        </test-method> <!-- setUp -->
        <test-method signature="verifyAccReg()[pri:0, instance:testCase.TC001_AccountRegistrationTest@5e3d57c7]" started-at="2025-11-28T23:19:02 IST" name="verifyAccReg" finished-at="2025-11-28T23:19:09 IST" duration-ms="7008" status="PASS">
          <reporter-output>
          </reporter-output>
        </test-method> <!-- verifyAccReg -->
        <test-method is-config="true" signature="tearDown()[pri:0, instance:testCase.TC001_AccountRegistrationTest@5e3d57c7]" started-at="2025-11-28T23:19:09 IST" name="tearDown" finished-at="2025-11-28T23:19:09 IST" duration-ms="357" status="PASS">
          <reporter-output>
          </reporter-output>
        </test-method> <!-- tearDown -->
      </class> <!-- testCase.TC001_AccountRegistrationTest -->
    </test> <!-- Test -->
  </suite> <!-- MasterSuite -->
</testng-results>
