<?xml version="1.0" encoding="UTF-8"?>
<testng-results ignored="0" total="1" passed="1" failed="0" skipped="0">
  <reporter-output>
  </reporter-output>
  <suite started-at="2025-12-06T02:00:58 IST" name="MasterSuite" finished-at="2025-12-06T02:01:16 IST" duration-ms="17476">
    <groups>
      <group name="Master">
        <method signature="TC004_AddToWishlistTest.verifyAddToWishlist()[pri:0, instance:testCase.TC004_AddToWishlistTest@2f9f7dcf]" name="verifyAddToWishlist" class="testCase.TC004_AddToWishlistTest"/>
      </group> <!-- Master -->
      <group name="Regression">
        <method signature="TC004_AddToWishlistTest.verifyAddToWishlist()[pri:0, instance:testCase.TC004_AddToWishlistTest@2f9f7dcf]" name="verifyAddToWishlist" class="testCase.TC004_AddToWishlistTest"/>
      </group> <!-- Regression -->
    </groups>
    <test started-at="2025-12-06T02:00:58 IST" name="Test" finished-at="2025-12-06T02:01:16 IST" duration-ms="17476">
      <class name="testCase.TC004_AddToWishlistTest">
        <test-method is-config="true" signature="setUp(java.lang.String,java.lang.String)[pri:0, instance:testCase.TC004_AddToWishlistTest@2f9f7dcf]" started-at="2025-12-06T02:00:59 IST" name="setUp" finished-at="2025-12-06T02:01:08 IST" duration-ms="9079" status="PASS">
          <params>
            <param index="0">
              <value>
                <![CDATA[Window]]>
              </value>
            </param>
            <param index="1">
              <value>
                <![CDATA[Chrome]]>
              </value>
            </param>
          </params>
          <reporter-output>
          </reporter-output>
        </test-method> <!-- setUp -->
        <test-method signature="verifyAddToWishlist()[pri:0, instance:testCase.TC004_AddToWishlistTest@2f9f7dcf]" started-at="2025-12-06T02:01:08 IST" name="verifyAddToWishlist" finished-at="2025-12-06T02:01:15 IST" duration-ms="7193" status="PASS">
          <reporter-output>
          </reporter-output>
        </test-method> <!-- verifyAddToWishlist -->
        <test-method is-config="true" signature="tearDown()[pri:0, instance:testCase.TC004_AddToWishlistTest@2f9f7dcf]" started-at="2025-12-06T02:01:15 IST" name="tearDown" finished-at="2025-12-06T02:01:16 IST" duration-ms="424" status="PASS">
          <reporter-output>
          </reporter-output>
        </test-method> <!-- tearDown -->
      </class> <!-- testCase.TC004_AddToWishlistTest -->
    </test> <!-- Test -->
  </suite> <!-- MasterSuite -->
</testng-results>
