<?xml version="1.0" encoding="UTF-8"?>
<testng-results ignored="0" total="1" passed="1" failed="0" skipped="0">
  <reporter-output>
  </reporter-output>
  <suite started-at="2025-11-28T19:36:01 IST" name="CrossBrowserSuite" finished-at="2025-11-28T19:36:23 IST" duration-ms="22354">
    <groups>
      <group name="Master">
        <method signature="TC001_AccountRegistrationTest.verifyAccReg()[pri:0, instance:testCase.TC001_AccountRegistrationTest@59662a0b]" name="verifyAccReg" class="testCase.TC001_AccountRegistrationTest"/>
      </group> <!-- Master -->
      <group name="Regression">
        <method signature="TC001_AccountRegistrationTest.verifyAccReg()[pri:0, instance:testCase.TC001_AccountRegistrationTest@59662a0b]" name="verifyAccReg" class="testCase.TC001_AccountRegistrationTest"/>
      </group> <!-- Regression -->
    </groups>
    <test started-at="2025-11-28T19:36:01 IST" name="Linux-Chrome" finished-at="2025-11-28T19:36:23 IST" duration-ms="22354">
      <class name="testCase.TC001_AccountRegistrationTest">
        <test-method is-config="true" signature="setUp(java.lang.String,java.lang.String)[pri:0, instance:testCase.TC001_AccountRegistrationTest@59662a0b]" started-at="2025-11-28T19:36:02 IST" name="setUp" finished-at="2025-11-28T19:36:14 IST" duration-ms="12464" status="PASS">
          <params>
            <param index="0">
              <value>
                <![CDATA[Linux]]>
              </value>
            </param>
            <param index="1">
              <value>
                <![CDATA[Chrome]]>
              </value>
            </param>
          </params>
          <reporter-output>
          </reporter-output>
        </test-method> <!-- setUp -->
        <test-method signature="verifyAccReg()[pri:0, instance:testCase.TC001_AccountRegistrationTest@59662a0b]" started-at="2025-11-28T19:36:14 IST" name="verifyAccReg" finished-at="2025-11-28T19:36:23 IST" duration-ms="8666" status="PASS">
          <reporter-output>
          </reporter-output>
        </test-method> <!-- verifyAccReg -->
        <test-method is-config="true" signature="tearDown()[pri:0, instance:testCase.TC001_AccountRegistrationTest@59662a0b]" started-at="2025-11-28T19:36:23 IST" name="tearDown" finished-at="2025-11-28T19:36:23 IST" duration-ms="228" status="PASS">
          <reporter-output>
          </reporter-output>
        </test-method> <!-- tearDown -->
      </class> <!-- testCase.TC001_AccountRegistrationTest -->
    </test> <!-- Linux-Chrome -->
  </suite> <!-- CrossBrowserSuite -->
</testng-results>
