<?xml version="1.0" encoding="UTF-8"?>
<!-- Generated by org.testng.reporters.JUnitReportReporter -->
<testsuite hostname="Ashu" failures="0" tests="5" name="testCase.TC003_LoginTest_DDT" time="54.744" errors="0" timestamp="2025-11-28T19:23:15 IST" skipped="0">
  <testcase classname="testCase.TC003_LoginTest_DDT" name="verify_LoginDDT" time="4.962"/>
  <testcase classname="testCase.TC003_LoginTest_DDT" name="verify_LoginDDT" time="12.485"/>
  <testcase classname="testCase.TC003_LoginTest_DDT" name="verify_LoginDDT" time="11.760"/>
  <testcase classname="testCase.TC003_LoginTest_DDT" name="verify_LoginDDT" time="12.752"/>
  <testcase classname="testCase.TC003_LoginTest_DDT" name="verify_LoginDDT" time="12.785"/>
</testsuite> <!-- testCase.TC003_LoginTest_DDT -->
