<?xml version="1.0" encoding="UTF-8"?>
<!-- Generated by org.testng.reporters.JUnitXMLReporter -->
<testsuite ignored="0" hostname="Ashu" failures="0" tests="5" name="Test" time="81.384" errors="0" timestamp="2025-11-28T19:23:14 IST">
  <testcase classname="testCase.TC003_LoginTest_DDT" name="verify_LoginDDT" time="4.962"/>
  <testcase classname="testCase.TC003_LoginTest_DDT" name="verify_LoginDDT" time="11.76"/>
  <testcase classname="testCase.TC003_LoginTest_DDT" name="verify_LoginDDT" time="12.485"/>
  <testcase classname="testCase.TC003_LoginTest_DDT" name="verify_LoginDDT" time="12.752"/>
  <testcase classname="testCase.TC003_LoginTest_DDT" name="verify_LoginDDT" time="12.785"/>
</testsuite> <!-- Test -->
